<?xml version="1.0" encoding="UTF-8"?>
<testsuite xmlns:xsi="http://www.w3.org/2001/XMLSchema-instance" xsi:noNamespaceSchemaLocation="https://maven.apache.org/surefire/maven-failsafe-plugin/xsd/failsafe-test-report-3.0.xsd" version="3.0" name="com.example.acceptancetests.AcceptanceTestSuite" time="629.451" tests="18" errors="0" skipped="0" failures="0">
  <properties>
[...]
</properties>
  <testcase name="Buy #1" classname="Buy" time="34.162">
    <system-out><![CDATA[
Scenario Outline: Buy           &amp#27;[90m# src/test/resources/features/math/buy.feature:12&amp#27;[0m
  &amp#27;[32mGiven &amp#27;[0m&amp#27;[32mI am on the homepage&amp#27;[0m    &amp#27;[90m# com.example.steps.LoginSteps.iAmOnTheHomePage()&amp#27;[0m
  &amp#27;[32mWhen &amp#27;[0m&amp#27;[32mI click the buy button &amp#27;[0m&amp#27;[32m&amp#27;[1m1&amp#27;[0m &amp#27;[90m# com.example.steps.buySteps.iClickTheBuyButton(int)&amp#27;[0m
  &amp#27;[32mThen &amp#27;[0m&amp#27;[32mI validate the cart &amp#27;[0m&amp#27;[32m&amp#27;[1m1&amp#27;[0m    &amp#27;[90m# com.example.steps.buySteps.iValidateTheCart(int)&amp#27;[0m
]]></system-out>
    <system-err><![CDATA[[main] INFO io.cucumber.core.plugin.SerenityReporter - Running feature from file:///E:/Learn/ProjectTestMobile/sample-mobile-automation/src/test/resources/features/math/buy.feature
[main] WARN io.cucumber.core.plugin.SerenityReporter - Feature from file:///E:/Learn/ProjectTestMobile/sample-mobile-automation/src/test/resources/features/math/buy.feature is not under the 'features' directory. Requirements report will not be correctly generated!
[main] INFO  - 

-------------------------------------------------------------------------------------
     _______. _______ .______       _______ .__   __.  __  .___________.____    ____ 
    /       ||   ____||   _  \     |   ____||  \ |  | |  | |           |\   \  /   / 
   |   (----`|  |__   |  |_)  |    |  |__   |   \|  | |  | `---|  |----` \   \/   /  
    \   \    |   __|  |      /     |   __|  |  . `  | |  |     |  |       \_    _/   
.----)   |   |  |____ |  |\  \----.|  |____ |  |\   | |  |     |  |         |  |     
|_______/    |_______|| _| `._____||_______||__| \__| |__|     |__|         |__|    
                                                                                     
 News and tutorials at http://www.serenity-bdd.info                                  
 Documentation at https://wakaleo.gitbooks.io/the-serenity-book/content/             
 Join the Serenity Community on Gitter: https://gitter.im/serenity-bdd/serenity-core 
 Serenity BDD Support and Training at http://serenity-bdd.info/#/trainingandsupport  
-------------------------------------------------------------------------------------

[main] INFO  - Test Suite Started: Buy
[main] INFO io.cucumber.core.plugin.SerenityReporter - Running feature from file:///E:/Learn/ProjectTestMobile/sample-mobile-automation/src/test/resources/features/math/login.feature
[main] WARN io.cucumber.core.plugin.SerenityReporter - Feature from file:///E:/Learn/ProjectTestMobile/sample-mobile-automation/src/test/resources/features/math/login.feature is not under the 'features' directory. Requirements report will not be correctly generated!
[main] INFO  - Test Suite Started: Login
[main] INFO io.cucumber.core.plugin.SerenityReporter - Running feature from file:///E:/Learn/ProjectTestMobile/sample-mobile-automation/src/test/resources/features/math/register.feature
[main] WARN io.cucumber.core.plugin.SerenityReporter - Feature from file:///E:/Learn/ProjectTestMobile/sample-mobile-automation/src/test/resources/features/math/register.feature is not under the 'features' directory. Requirements report will not be correctly generated!
[main] INFO  - Test Suite Started: Register
[main] INFO io.cucumber.core.plugin.SerenityReporter - Running feature from file:///E:/Learn/ProjectTestMobile/sample-mobile-automation/src/test/resources/features/math/buy.feature
[main] WARN io.cucumber.core.plugin.SerenityReporter - Feature from file:///E:/Learn/ProjectTestMobile/sample-mobile-automation/src/test/resources/features/math/buy.feature is not under the 'features' directory. Requirements report will not be correctly generated!
[main] INFO  - 
 _____ _____ ____ _____   ____ _____  _    ____ _____ _____ ____  
|_   _| ____/ ___|_   _| / ___|_   _|/ \  |  _ \_   _| ____|  _ \ 
  | | |  _| \___ \ | |   \___ \ | | / _ \ | |_) || | |  _| | | | |
  | | | |___ ___) || |    ___) || |/ ___ \|  _ < | | | |___| |_| |
  |_| |_____|____/ |_|   |____/ |_/_/   \_\_| \_\|_| |_____|____/ 

Buy(buy;buy)
-------------------------------------------------------------------
[main] WARN net.thucydides.core.requirements.model.cucumber.CucumberParser - Couldn't read the feature file E:\Learn\ProjectTestMobile\sample-mobile-automation\src\test\resources\features\math\adding_numbers.feature - it will be ignored
May 16, 2022 10:49:11 PM io.appium.java_client.remote.AppiumCommandExecutor$1 lambda$0
INFO: Detected dialect: W3C
[main] INFO  - 
        __    _____ _____ ____ _____   ____   _    ____  ____  _____ ____  
  _     \ \  |_   _| ____/ ___|_   _| |  _ \ / \  / ___|/ ___|| ____|  _ \ 
 (_)_____| |   | | |  _| \___ \ | |   | |_) / _ \ \___ \\___ \|  _| | | | |
  _|_____| |   | | | |___ ___) || |   |  __/ ___ \ ___) |___) | |___| |_| |
 (_)     | |   |_| |_____|____/ |_|   |_| /_/   \_\____/|____/|_____|____/ 
        /_/                                                                

Buy
----------------------------------------------------------------------------
]]></system-err>
  </testcase>
  <testcase name="Buy #2" classname="Buy" time="26.787">
    <system-out><![CDATA[
Scenario Outline: Buy           &amp#27;[90m# src/test/resources/features/math/buy.feature:13&amp#27;[0m
  &amp#27;[32mGiven &amp#27;[0m&amp#27;[32mI am on the homepage&amp#27;[0m    &amp#27;[90m# com.example.steps.LoginSteps.iAmOnTheHomePage()&amp#27;[0m
  &amp#27;[32mWhen &amp#27;[0m&amp#27;[32mI click the buy button &amp#27;[0m&amp#27;[32m&amp#27;[1m2&amp#27;[0m &amp#27;[90m# com.example.steps.buySteps.iClickTheBuyButton(int)&amp#27;[0m
  &amp#27;[32mThen &amp#27;[0m&amp#27;[32mI validate the cart &amp#27;[0m&amp#27;[32m&amp#27;[1m2&amp#27;[0m    &amp#27;[90m# com.example.steps.buySteps.iValidateTheCart(int)&amp#27;[0m
]]></system-out>
    <system-err><![CDATA[[main] INFO io.cucumber.core.plugin.SerenityReporter - Running feature from file:///E:/Learn/ProjectTestMobile/sample-mobile-automation/src/test/resources/features/math/buy.feature
[main] WARN io.cucumber.core.plugin.SerenityReporter - Feature from file:///E:/Learn/ProjectTestMobile/sample-mobile-automation/src/test/resources/features/math/buy.feature is not under the 'features' directory. Requirements report will not be correctly generated!
May 16, 2022 10:49:38 PM io.appium.java_client.remote.AppiumCommandExecutor$1 lambda$0
INFO: Detected dialect: W3C
[main] INFO  - 
        __    _____ _____ ____ _____   ____   _    ____  ____  _____ ____  
  _     \ \  |_   _| ____/ ___|_   _| |  _ \ / \  / ___|/ ___|| ____|  _ \ 
 (_)_____| |   | | |  _| \___ \ | |   | |_) / _ \ \___ \\___ \|  _| | | | |
  _|_____| |   | | | |___ ___) || |   |  __/ ___ \ ___) |___) | |___| |_| |
 (_)     | |   |_| |_____|____/ |_|   |_| /_/   \_\____/|____/|_____|____/ 
        /_/                                                                

Buy
----------------------------------------------------------------------------
]]></system-err>
  </testcase>
  <testcase name="Buy #3" classname="Buy" time="26.918">
    <system-out><![CDATA[
Scenario Outline: Buy           &amp#27;[90m# src/test/resources/features/math/buy.feature:14&amp#27;[0m
  &amp#27;[32mGiven &amp#27;[0m&amp#27;[32mI am on the homepage&amp#27;[0m    &amp#27;[90m# com.example.steps.LoginSteps.iAmOnTheHomePage()&amp#27;[0m
  &amp#27;[32mWhen &amp#27;[0m&amp#27;[32mI click the buy button &amp#27;[0m&amp#27;[32m&amp#27;[1m3&amp#27;[0m &amp#27;[90m# com.example.steps.buySteps.iClickTheBuyButton(int)&amp#27;[0m
  &amp#27;[32mThen &amp#27;[0m&amp#27;[32mI validate the cart &amp#27;[0m&amp#27;[32m&amp#27;[1m3&amp#27;[0m    &amp#27;[90m# com.example.steps.buySteps.iValidateTheCart(int)&amp#27;[0m
]]></system-out>
    <system-err><![CDATA[[main] INFO io.cucumber.core.plugin.SerenityReporter - Running feature from file:///E:/Learn/ProjectTestMobile/sample-mobile-automation/src/test/resources/features/math/buy.feature
[main] WARN io.cucumber.core.plugin.SerenityReporter - Feature from file:///E:/Learn/ProjectTestMobile/sample-mobile-automation/src/test/resources/features/math/buy.feature is not under the 'features' directory. Requirements report will not be correctly generated!
May 16, 2022 10:50:05 PM io.appium.java_client.remote.AppiumCommandExecutor$1 lambda$0
INFO: Detected dialect: W3C
]]></system-err>
  </testcase>
  <testcase name="Buy #4" classname="Buy" time="29.549">
    <system-out><![CDATA[
Scenario Outline: Buy           &amp#27;[90m# src/test/resources/features/math/buy.feature:15&amp#27;[0m
  &amp#27;[32mGiven &amp#27;[0m&amp#27;[32mI am on the homepage&amp#27;[0m    &amp#27;[90m# com.example.steps.LoginSteps.iAmOnTheHomePage()&amp#27;[0m
  &amp#27;[32mWhen &amp#27;[0m&amp#27;[32mI click the buy button &amp#27;[0m&amp#27;[32m&amp#27;[1m4&amp#27;[0m &amp#27;[90m# com.example.steps.buySteps.iClickTheBuyButton(int)&amp#27;[0m
  &amp#27;[32mThen &amp#27;[0m&amp#27;[32mI validate the cart &amp#27;[0m&amp#27;[32m&amp#27;[1m4&amp#27;[0m    &amp#27;[90m# com.example.steps.buySteps.iValidateTheCart(int)&amp#27;[0m
]]></system-out>
    <system-err><![CDATA[[main] INFO io.cucumber.core.plugin.SerenityReporter - Running feature from file:///E:/Learn/ProjectTestMobile/sample-mobile-automation/src/test/resources/features/math/buy.feature
[main] WARN io.cucumber.core.plugin.SerenityReporter - Feature from file:///E:/Learn/ProjectTestMobile/sample-mobile-automation/src/test/resources/features/math/buy.feature is not under the 'features' directory. Requirements report will not be correctly generated!
May 16, 2022 10:50:32 PM io.appium.java_client.remote.AppiumCommandExecutor$1 lambda$0
INFO: Detected dialect: W3C
]]></system-err>
  </testcase>
  <testcase name="Login #1" classname="Login" time="30.949">
    <system-out><![CDATA[
Scenario Outline: Login                              &amp#27;[90m# src/test/resources/features/math/login.feature:15&amp#27;[0m
  &amp#27;[32mGiven &amp#27;[0m&amp#27;[32mI am on the homepage&amp#27;[0m                         &amp#27;[90m# com.example.steps.LoginSteps.iAmOnTheHomePage()&amp#27;[0m
  &amp#27;[32mWhen &amp#27;[0m&amp#27;[32mI click login icon&amp#27;[0m                            &amp#27;[90m# com.example.steps.LoginSteps.iClickLoginIcon()&amp#27;[0m
  &amp#27;[32mAnd &amp#27;[0m&amp#27;[32mI validate on login page&amp#27;[0m                       &amp#27;[90m# com.example.steps.LoginSteps.iValidateOnLoginPage()&amp#27;[0m
  &amp#27;[32mAnd &amp#27;[0m&amp#27;[32mI input &amp#27;[0m&amp#27;[32m&amp#27;[1m"jasrivika@gmail.com"&amp#27;[0m&amp#27;[32m and &amp#27;[0m&amp#27;[32m&amp#27;[1m"Doremi@123"&amp#27;[0m &amp#27;[90m# com.example.steps.LoginSteps.iInputAnd(java.lang.String,java.lang.String)&amp#27;[0m
  &amp#27;[32mAnd &amp#27;[0m&amp#27;[32mI click login button&amp#27;[0m                           &amp#27;[90m# com.example.steps.LoginSteps.iClickLoginButton()&amp#27;[0m
  &amp#27;[32mThen &amp#27;[0m&amp#27;[32mI validate the &amp#27;[0m&amp#27;[32m&amp#27;[1m"success"&amp#27;[0m                      &amp#27;[90m# com.example.steps.LoginSteps.iValidateThe(java.lang.String)&amp#27;[0m
]]></system-out>
    <system-err><![CDATA[[main] INFO io.cucumber.core.plugin.SerenityReporter - Running feature from file:///E:/Learn/ProjectTestMobile/sample-mobile-automation/src/test/resources/features/math/login.feature
[main] WARN io.cucumber.core.plugin.SerenityReporter - Feature from file:///E:/Learn/ProjectTestMobile/sample-mobile-automation/src/test/resources/features/math/login.feature is not under the 'features' directory. Requirements report will not be correctly generated!
[main] INFO  - 
 _____ _____ ____ _____   ____ _____  _    ____ _____ _____ ____  
|_   _| ____/ ___|_   _| / ___|_   _|/ \  |  _ \_   _| ____|  _ \ 
  | | |  _| \___ \ | |   \___ \ | | / _ \ | |_) || | |  _| | | | |
  | | | |___ ___) || |    ___) || |/ ___ \|  _ < | | | |___| |_| |
  |_| |_____|____/ |_|   |____/ |_/_/   \_\_| \_\|_| |_____|____/ 

Login(login;login)
-------------------------------------------------------------------
May 16, 2022 10:51:01 PM io.appium.java_client.remote.AppiumCommandExecutor$1 lambda$0
INFO: Detected dialect: W3C
[main] INFO  - 
        __    _____ _____ ____ _____   ____   _    ____  ____  _____ ____  
  _     \ \  |_   _| ____/ ___|_   _| |  _ \ / \  / ___|/ ___|| ____|  _ \ 
 (_)_____| |   | | |  _| \___ \ | |   | |_) / _ \ \___ \\___ \|  _| | | | |
  _|_____| |   | | | |___ ___) || |   |  __/ ___ \ ___) |___) | |___| |_| |
 (_)     | |   |_| |_____|____/ |_|   |_| /_/   \_\____/|____/|_____|____/ 
        /_/                                                                

Login
----------------------------------------------------------------------------
]]></system-err>
  </testcase>
  <testcase name="Login #2" classname="Login" time="30.703">
    <system-out><![CDATA[
Scenario Outline: Login                     &amp#27;[90m# src/test/resources/features/math/login.feature:16&amp#27;[0m
  &amp#27;[32mGiven &amp#27;[0m&amp#27;[32mI am on the homepage&amp#27;[0m                &amp#27;[90m# com.example.steps.LoginSteps.iAmOnTheHomePage()&amp#27;[0m
  &amp#27;[32mWhen &amp#27;[0m&amp#27;[32mI click login icon&amp#27;[0m                   &amp#27;[90m# com.example.steps.LoginSteps.iClickLoginIcon()&amp#27;[0m
  &amp#27;[32mAnd &amp#27;[0m&amp#27;[32mI validate on login page&amp#27;[0m              &amp#27;[90m# com.example.steps.LoginSteps.iValidateOnLoginPage()&amp#27;[0m
  &amp#27;[32mAnd &amp#27;[0m&amp#27;[32mI input &amp#27;[0m&amp#27;[32m&amp#27;[1m""&amp#27;[0m&amp#27;[32m and &amp#27;[0m&amp#27;[32m&amp#27;[1m"Doremi@123"&amp#27;[0m           &amp#27;[90m# com.example.steps.LoginSteps.iInputAnd(java.lang.String,java.lang.String)&amp#27;[0m
  &amp#27;[32mAnd &amp#27;[0m&amp#27;[32mI click login button&amp#27;[0m                  &amp#27;[90m# com.example.steps.LoginSteps.iClickLoginButton()&amp#27;[0m
  &amp#27;[32mThen &amp#27;[0m&amp#27;[32mI validate the &amp#27;[0m&amp#27;[32m&amp#27;[1m"email can not empty"&amp#27;[0m &amp#27;[90m# com.example.steps.LoginSteps.iValidateThe(java.lang.String)&amp#27;[0m
]]></system-out>
    <system-err><![CDATA[[main] INFO io.cucumber.core.plugin.SerenityReporter - Running feature from file:///E:/Learn/ProjectTestMobile/sample-mobile-automation/src/test/resources/features/math/login.feature
[main] WARN io.cucumber.core.plugin.SerenityReporter - Feature from file:///E:/Learn/ProjectTestMobile/sample-mobile-automation/src/test/resources/features/math/login.feature is not under the 'features' directory. Requirements report will not be correctly generated!
May 16, 2022 10:51:33 PM io.appium.java_client.remote.AppiumCommandExecutor$1 lambda$0
INFO: Detected dialect: W3C
[main] INFO  - 
        __    _____ _____ ____ _____   ____   _    ____  ____  _____ ____  
  _     \ \  |_   _| ____/ ___|_   _| |  _ \ / \  / ___|/ ___|| ____|  _ \ 
 (_)_____| |   | | |  _| \___ \ | |   | |_) / _ \ \___ \\___ \|  _| | | | |
  _|_____| |   | | | |___ ___) || |   |  __/ ___ \ ___) |___) | |___| |_| |
 (_)     | |   |_| |_____|____/ |_|   |_| /_/   \_\____/|____/|_____|____/ 
        /_/                                                                

Login
----------------------------------------------------------------------------
]]></system-err>
  </testcase>
  <testcase name="Login #3" classname="Login" time="31.081">
    <system-out><![CDATA[
Scenario Outline: Login                        &amp#27;[90m# src/test/resources/features/math/login.feature:17&amp#27;[0m
  &amp#27;[32mGiven &amp#27;[0m&amp#27;[32mI am on the homepage&amp#27;[0m                   &amp#27;[90m# com.example.steps.LoginSteps.iAmOnTheHomePage()&amp#27;[0m
  &amp#27;[32mWhen &amp#27;[0m&amp#27;[32mI click login icon&amp#27;[0m                      &amp#27;[90m# com.example.steps.LoginSteps.iClickLoginIcon()&amp#27;[0m
  &amp#27;[32mAnd &amp#27;[0m&amp#27;[32mI validate on login page&amp#27;[0m                 &amp#27;[90m# com.example.steps.LoginSteps.iValidateOnLoginPage()&amp#27;[0m
  &amp#27;[32mAnd &amp#27;[0m&amp#27;[32mI input &amp#27;[0m&amp#27;[32m&amp#27;[1m"jasrivika@gmail.com"&amp#27;[0m&amp#27;[32m and &amp#27;[0m&amp#27;[32m&amp#27;[1m""&amp#27;[0m     &amp#27;[90m# com.example.steps.LoginSteps.iInputAnd(java.lang.String,java.lang.String)&amp#27;[0m
  &amp#27;[32mAnd &amp#27;[0m&amp#27;[32mI click login button&amp#27;[0m                     &amp#27;[90m# com.example.steps.LoginSteps.iClickLoginButton()&amp#27;[0m
  &amp#27;[32mThen &amp#27;[0m&amp#27;[32mI validate the &amp#27;[0m&amp#27;[32m&amp#27;[1m"password can not empty"&amp#27;[0m &amp#27;[90m# com.example.steps.LoginSteps.iValidateThe(java.lang.String)&amp#27;[0m
]]></system-out>
    <system-err><![CDATA[[main] INFO io.cucumber.core.plugin.SerenityReporter - Running feature from file:///E:/Learn/ProjectTestMobile/sample-mobile-automation/src/test/resources/features/math/login.feature
[main] WARN io.cucumber.core.plugin.SerenityReporter - Feature from file:///E:/Learn/ProjectTestMobile/sample-mobile-automation/src/test/resources/features/math/login.feature is not under the 'features' directory. Requirements report will not be correctly generated!
May 16, 2022 10:52:04 PM io.appium.java_client.remote.AppiumCommandExecutor$1 lambda$0
INFO: Detected dialect: W3C
]]></system-err>
  </testcase>
  <testcase name="Login #4" classname="Login" time="29.098">
    <system-out><![CDATA[
Scenario Outline: Login        &amp#27;[90m# src/test/resources/features/math/login.feature:18&amp#27;[0m
  &amp#27;[32mGiven &amp#27;[0m&amp#27;[32mI am on the homepage&amp#27;[0m   &amp#27;[90m# com.example.steps.LoginSteps.iAmOnTheHomePage()&amp#27;[0m
  &amp#27;[32mWhen &amp#27;[0m&amp#27;[32mI click login icon&amp#27;[0m      &amp#27;[90m# com.example.steps.LoginSteps.iClickLoginIcon()&amp#27;[0m
  &amp#27;[32mAnd &amp#27;[0m&amp#27;[32mI validate on login page&amp#27;[0m &amp#27;[90m# com.example.steps.LoginSteps.iValidateOnLoginPage()&amp#27;[0m
  &amp#27;[32mAnd &amp#27;[0m&amp#27;[32mI input &amp#27;[0m&amp#27;[32m&amp#27;[1m""&amp#27;[0m&amp#27;[32m and &amp#27;[0m&amp#27;[32m&amp#27;[1m""&amp#27;[0m        &amp#27;[90m# com.example.steps.LoginSteps.iInputAnd(java.lang.String,java.lang.String)&amp#27;[0m
  &amp#27;[32mAnd &amp#27;[0m&amp#27;[32mI click login button&amp#27;[0m     &amp#27;[90m# com.example.steps.LoginSteps.iClickLoginButton()&amp#27;[0m
  &amp#27;[32mThen &amp#27;[0m&amp#27;[32mI validate the &amp#27;[0m&amp#27;[32m&amp#27;[1m"req"&amp#27;[0m    &amp#27;[90m# com.example.steps.LoginSteps.iValidateThe(java.lang.String)&amp#27;[0m
]]></system-out>
    <system-err><![CDATA[[main] INFO io.cucumber.core.plugin.SerenityReporter - Running feature from file:///E:/Learn/ProjectTestMobile/sample-mobile-automation/src/test/resources/features/math/login.feature
[main] WARN io.cucumber.core.plugin.SerenityReporter - Feature from file:///E:/Learn/ProjectTestMobile/sample-mobile-automation/src/test/resources/features/math/login.feature is not under the 'features' directory. Requirements report will not be correctly generated!
May 16, 2022 10:52:34 PM io.appium.java_client.remote.AppiumCommandExecutor$1 lambda$0
INFO: Detected dialect: W3C
]]></system-err>
  </testcase>
  <testcase name="Login #5" classname="Login" time="30.709">
    <system-out><![CDATA[
Scenario Outline: Login                                  &amp#27;[90m# src/test/resources/features/math/login.feature:19&amp#27;[0m
  &amp#27;[32mGiven &amp#27;[0m&amp#27;[32mI am on the homepage&amp#27;[0m                             &amp#27;[90m# com.example.steps.LoginSteps.iAmOnTheHomePage()&amp#27;[0m
  &amp#27;[32mWhen &amp#27;[0m&amp#27;[32mI click login icon&amp#27;[0m                                &amp#27;[90m# com.example.steps.LoginSteps.iClickLoginIcon()&amp#27;[0m
  &amp#27;[32mAnd &amp#27;[0m&amp#27;[32mI validate on login page&amp#27;[0m                           &amp#27;[90m# com.example.steps.LoginSteps.iValidateOnLoginPage()&amp#27;[0m
  &amp#27;[32mAnd &amp#27;[0m&amp#27;[32mI input &amp#27;[0m&amp#27;[32m&amp#27;[1m"jasrvi@mail.com"&amp#27;[0m&amp#27;[32m and &amp#27;[0m&amp#27;[32m&amp#27;[1m"Doremi@123"&amp#27;[0m         &amp#27;[90m# com.example.steps.LoginSteps.iInputAnd(java.lang.String,java.lang.String)&amp#27;[0m
  &amp#27;[32mAnd &amp#27;[0m&amp#27;[32mI click login button&amp#27;[0m                               &amp#27;[90m# com.example.steps.LoginSteps.iClickLoginButton()&amp#27;[0m
  &amp#27;[32mThen &amp#27;[0m&amp#27;[32mI validate the &amp#27;[0m&amp#27;[32m&amp#27;[1m"Email atau password tidak valid."&amp#27;[0m &amp#27;[90m# com.example.steps.LoginSteps.iValidateThe(java.lang.String)&amp#27;[0m
]]></system-out>
    <system-err><![CDATA[[main] INFO io.cucumber.core.plugin.SerenityReporter - Running feature from file:///E:/Learn/ProjectTestMobile/sample-mobile-automation/src/test/resources/features/math/login.feature
[main] WARN io.cucumber.core.plugin.SerenityReporter - Feature from file:///E:/Learn/ProjectTestMobile/sample-mobile-automation/src/test/resources/features/math/login.feature is not under the 'features' directory. Requirements report will not be correctly generated!
May 16, 2022 10:53:03 PM io.appium.java_client.remote.AppiumCommandExecutor$1 lambda$0
INFO: Detected dialect: W3C
]]></system-err>
  </testcase>
  <testcase name="Login #6" classname="Login" time="31.523">
    <system-out><![CDATA[
Scenario Outline: Login                                  &amp#27;[90m# src/test/resources/features/math/login.feature:20&amp#27;[0m
  &amp#27;[32mGiven &amp#27;[0m&amp#27;[32mI am on the homepage&amp#27;[0m                             &amp#27;[90m# com.example.steps.LoginSteps.iAmOnTheHomePage()&amp#27;[0m
  &amp#27;[32mWhen &amp#27;[0m&amp#27;[32mI click login icon&amp#27;[0m                                &amp#27;[90m# com.example.steps.LoginSteps.iClickLoginIcon()&amp#27;[0m
  &amp#27;[32mAnd &amp#27;[0m&amp#27;[32mI validate on login page&amp#27;[0m                           &amp#27;[90m# com.example.steps.LoginSteps.iValidateOnLoginPage()&amp#27;[0m
  &amp#27;[32mAnd &amp#27;[0m&amp#27;[32mI input &amp#27;[0m&amp#27;[32m&amp#27;[1m"jasrivika@gmail.com"&amp#27;[0m&amp#27;[32m and &amp#27;[0m&amp#27;[32m&amp#27;[1m"tes122"&amp#27;[0m         &amp#27;[90m# com.example.steps.LoginSteps.iInputAnd(java.lang.String,java.lang.String)&amp#27;[0m
  &amp#27;[32mAnd &amp#27;[0m&amp#27;[32mI click login button&amp#27;[0m                               &amp#27;[90m# com.example.steps.LoginSteps.iClickLoginButton()&amp#27;[0m
  &amp#27;[32mThen &amp#27;[0m&amp#27;[32mI validate the &amp#27;[0m&amp#27;[32m&amp#27;[1m"Email atau password tidak valid."&amp#27;[0m &amp#27;[90m# com.example.steps.LoginSteps.iValidateThe(java.lang.String)&amp#27;[0m
]]></system-out>
    <system-err><![CDATA[[main] INFO io.cucumber.core.plugin.SerenityReporter - Running feature from file:///E:/Learn/ProjectTestMobile/sample-mobile-automation/src/test/resources/features/math/login.feature
[main] WARN io.cucumber.core.plugin.SerenityReporter - Feature from file:///E:/Learn/ProjectTestMobile/sample-mobile-automation/src/test/resources/features/math/login.feature is not under the 'features' directory. Requirements report will not be correctly generated!
May 16, 2022 10:53:33 PM io.appium.java_client.remote.AppiumCommandExecutor$1 lambda$0
INFO: Detected dialect: W3C
]]></system-err>
  </testcase>
  <testcase name="Login #7" classname="Login" time="31.319">
    <system-out><![CDATA[
Scenario Outline: Login                                  &amp#27;[90m# src/test/resources/features/math/login.feature:21&amp#27;[0m
  &amp#27;[32mGiven &amp#27;[0m&amp#27;[32mI am on the homepage&amp#27;[0m                             &amp#27;[90m# com.example.steps.LoginSteps.iAmOnTheHomePage()&amp#27;[0m
  &amp#27;[32mWhen &amp#27;[0m&amp#27;[32mI click login icon&amp#27;[0m                                &amp#27;[90m# com.example.steps.LoginSteps.iClickLoginIcon()&amp#27;[0m
  &amp#27;[32mAnd &amp#27;[0m&amp#27;[32mI validate on login page&amp#27;[0m                           &amp#27;[90m# com.example.steps.LoginSteps.iValidateOnLoginPage()&amp#27;[0m
  &amp#27;[32mAnd &amp#27;[0m&amp#27;[32mI input &amp#27;[0m&amp#27;[32m&amp#27;[1m"jasrvi@gmail.com"&amp#27;[0m&amp#27;[32m and &amp#27;[0m&amp#27;[32m&amp#27;[1m"tes123"&amp#27;[0m            &amp#27;[90m# com.example.steps.LoginSteps.iInputAnd(java.lang.String,java.lang.String)&amp#27;[0m
  &amp#27;[32mAnd &amp#27;[0m&amp#27;[32mI click login button&amp#27;[0m                               &amp#27;[90m# com.example.steps.LoginSteps.iClickLoginButton()&amp#27;[0m
  &amp#27;[32mThen &amp#27;[0m&amp#27;[32mI validate the &amp#27;[0m&amp#27;[32m&amp#27;[1m"Email atau password tidak valid."&amp#27;[0m &amp#27;[90m# com.example.steps.LoginSteps.iValidateThe(java.lang.String)&amp#27;[0m
]]></system-out>
    <system-err><![CDATA[[main] INFO io.cucumber.core.plugin.SerenityReporter - Running feature from file:///E:/Learn/ProjectTestMobile/sample-mobile-automation/src/test/resources/features/math/login.feature
[main] WARN io.cucumber.core.plugin.SerenityReporter - Feature from file:///E:/Learn/ProjectTestMobile/sample-mobile-automation/src/test/resources/features/math/login.feature is not under the 'features' directory. Requirements report will not be correctly generated!
May 16, 2022 10:54:06 PM io.appium.java_client.remote.AppiumCommandExecutor$1 lambda$0
INFO: Detected dialect: W3C
]]></system-err>
  </testcase>
  <testcase name="Logout" classname="Login" time="31.413">
    <system-out><![CDATA[
Scenario Outline: Logout                             &amp#27;[90m# src/test/resources/features/math/login.feature:35&amp#27;[0m
  &amp#27;[32mGiven &amp#27;[0m&amp#27;[32mI am on the homepage&amp#27;[0m                         &amp#27;[90m# com.example.steps.LoginSteps.iAmOnTheHomePage()&amp#27;[0m
  &amp#27;[32mAnd &amp#27;[0m&amp#27;[32mI click login icon&amp#27;[0m                             &amp#27;[90m# com.example.steps.LoginSteps.iClickLoginIcon()&amp#27;[0m
  &amp#27;[32mAnd &amp#27;[0m&amp#27;[32mI validate on login page&amp#27;[0m                       &amp#27;[90m# com.example.steps.LoginSteps.iValidateOnLoginPage()&amp#27;[0m
  &amp#27;[32mAnd &amp#27;[0m&amp#27;[32mI input &amp#27;[0m&amp#27;[32m&amp#27;[1m"jasrivika@gmail.com"&amp#27;[0m&amp#27;[32m and &amp#27;[0m&amp#27;[32m&amp#27;[1m"Doremi@123"&amp#27;[0m &amp#27;[90m# com.example.steps.LoginSteps.iInputAnd(java.lang.String,java.lang.String)&amp#27;[0m
  &amp#27;[32mAnd &amp#27;[0m&amp#27;[32mI click login button&amp#27;[0m                           &amp#27;[90m# com.example.steps.LoginSteps.iClickLoginButton()&amp#27;[0m
  &amp#27;[32mAnd &amp#27;[0m&amp#27;[32mI validate the &amp#27;[0m&amp#27;[32m&amp#27;[1m"success"&amp#27;[0m                       &amp#27;[90m# com.example.steps.LoginSteps.iValidateThe(java.lang.String)&amp#27;[0m
  &amp#27;[32mWhen &amp#27;[0m&amp#27;[32mI click login button logout button&amp#27;[0m            &amp#27;[90m# com.example.steps.LoginSteps.iClickLoginButtonLogoutButton()&amp#27;[0m
  &amp#27;[32mThen &amp#27;[0m&amp#27;[32mI validate the &amp#27;[0m&amp#27;[32m&amp#27;[1m"success"&amp#27;[0m                      &amp#27;[90m# com.example.steps.LoginSteps.iValidateThe(java.lang.String)&amp#27;[0m
]]></system-out>
    <system-err><![CDATA[[main] INFO io.cucumber.core.plugin.SerenityReporter - Running feature from file:///E:/Learn/ProjectTestMobile/sample-mobile-automation/src/test/resources/features/math/login.feature
[main] WARN io.cucumber.core.plugin.SerenityReporter - Feature from file:///E:/Learn/ProjectTestMobile/sample-mobile-automation/src/test/resources/features/math/login.feature is not under the 'features' directory. Requirements report will not be correctly generated!
[main] INFO  - 
 _____ _____ ____ _____   ____ _____  _    ____ _____ _____ ____  
|_   _| ____/ ___|_   _| / ___|_   _|/ \  |  _ \_   _| ____|  _ \ 
  | | |  _| \___ \ | |   \___ \ | | / _ \ | |_) || | |  _| | | | |
  | | | |___ ___) || |    ___) || |/ ___ \|  _ < | | | |___| |_| |
  |_| |_____|____/ |_|   |____/ |_/_/   \_\_| \_\|_| |_____|____/ 

Logout(login;logout)
-------------------------------------------------------------------
May 16, 2022 10:54:37 PM io.appium.java_client.remote.AppiumCommandExecutor$1 lambda$0
INFO: Detected dialect: W3C
[main] INFO  - 
        __    _____ _____ ____ _____   ____   _    ____  ____  _____ ____  
  _     \ \  |_   _| ____/ ___|_   _| |  _ \ / \  / ___|/ ___|| ____|  _ \ 
 (_)_____| |   | | |  _| \___ \ | |   | |_) / _ \ \___ \\___ \|  _| | | | |
  _|_____| |   | | | |___ ___) || |   |  __/ ___ \ ___) |___) | |___| |_| |
 (_)     | |   |_| |_____|____/ |_|   |_| /_/   \_\____/|____/|_____|____/ 
        /_/                                                                

Logout
----------------------------------------------------------------------------
]]></system-err>
  </testcase>
  <testcase name="Register scenario #1" classname="Register" time="46.47">
    <system-out><![CDATA[
Scenario Outline: Register scenario            &amp#27;[90m# src/test/resources/features/math/register.feature:17&amp#27;[0m
  &amp#27;[32mGiven &amp#27;[0m&amp#27;[32mI am on the homepage&amp#27;[0m                   &amp#27;[90m# com.example.steps.LoginSteps.iAmOnTheHomePage()&amp#27;[0m
  &amp#27;[32mAnd &amp#27;[0m&amp#27;[32mI click login icon&amp#27;[0m                       &amp#27;[90m# com.example.steps.LoginSteps.iClickLoginIcon()&amp#27;[0m
  &amp#27;[32mAnd &amp#27;[0m&amp#27;[32mI click register menu&amp#27;[0m                    &amp#27;[90m# com.example.steps.RegisterSteps.iClickRegisterMenu()&amp#27;[0m
  &amp#27;[32mWhen &amp#27;[0m&amp#27;[32mI input fullname &amp#27;[0m&amp#27;[32m&amp#27;[1m"Vika Jasri"&amp#27;[0m           &amp#27;[90m# com.example.steps.RegisterSteps.iInputFullname(java.lang.String)&amp#27;[0m
  &amp#27;[32mAnd &amp#27;[0m&amp#27;[32mI input email &amp#27;[0m&amp#27;[32m&amp#27;[1m"new"&amp#27;[0m                      &amp#27;[90m# com.example.steps.RegisterSteps.iInputEmail(java.lang.String)&amp#27;[0m
  &amp#27;[32mAnd &amp#27;[0m&amp#27;[32mI input password &amp#27;[0m&amp#27;[32m&amp#27;[1m"Doremi@123"&amp#27;[0m            &amp#27;[90m# com.example.steps.RegisterSteps.iInputPassword(java.lang.String)&amp#27;[0m
  &amp#27;[32mAnd &amp#27;[0m&amp#27;[32mI click register button&amp#27;[0m                  &amp#27;[90m# com.example.steps.RegisterSteps.iClickRegisterButton()&amp#27;[0m
  &amp#27;[32mThen &amp#27;[0m&amp#27;[32mI validate the &amp#27;[0m&amp#27;[32m&amp#27;[1m"success"&amp#27;[0m&amp#27;[32m after register&amp#27;[0m &amp#27;[90m# com.example.steps.RegisterSteps.iValidateTheAfterRegister(java.lang.String)&amp#27;[0m
]]></system-out>
    <system-err><![CDATA[[main] INFO io.cucumber.core.plugin.SerenityReporter - Running feature from file:///E:/Learn/ProjectTestMobile/sample-mobile-automation/src/test/resources/features/math/register.feature
[main] WARN io.cucumber.core.plugin.SerenityReporter - Feature from file:///E:/Learn/ProjectTestMobile/sample-mobile-automation/src/test/resources/features/math/register.feature is not under the 'features' directory. Requirements report will not be correctly generated!
[main] INFO  - 
 _____ _____ ____ _____   ____ _____  _    ____ _____ _____ ____  
|_   _| ____/ ___|_   _| / ___|_   _|/ \  |  _ \_   _| ____|  _ \ 
  | | |  _| \___ \ | |   \___ \ | | / _ \ | |_) || | |  _| | | | |
  | | | |___ ___) || |    ___) || |/ ___ \|  _ < | | | |___| |_| |
  |_| |_____|____/ |_|   |____/ |_/_/   \_\_| \_\|_| |_____|____/ 

Register scenario(register;register-scenario)
-------------------------------------------------------------------
May 16, 2022 10:55:11 PM io.appium.java_client.remote.AppiumCommandExecutor$1 lambda$0
INFO: Detected dialect: W3C
[main] INFO  - 
        __    _____ _____ ____ _____   ____   _    ____  ____  _____ ____  
  _     \ \  |_   _| ____/ ___|_   _| |  _ \ / \  / ___|/ ___|| ____|  _ \ 
 (_)_____| |   | | |  _| \___ \ | |   | |_) / _ \ \___ \\___ \|  _| | | | |
  _|_____| |   | | | |___ ___) || |   |  __/ ___ \ ___) |___) | |___| |_| |
 (_)     | |   |_| |_____|____/ |_|   |_| /_/   \_\____/|____/|_____|____/ 
        /_/                                                                

Register scenario
----------------------------------------------------------------------------
]]></system-err>
  </testcase>
  <testcase name="Register scenario #2" classname="Register" time="58.991">
    <system-out><![CDATA[
Scenario Outline: Register scenario             &amp#27;[90m# src/test/resources/features/math/register.feature:18&amp#27;[0m
  &amp#27;[32mGiven &amp#27;[0m&amp#27;[32mI am on the homepage&amp#27;[0m                    &amp#27;[90m# com.example.steps.LoginSteps.iAmOnTheHomePage()&amp#27;[0m
  &amp#27;[32mAnd &amp#27;[0m&amp#27;[32mI click login icon&amp#27;[0m                        &amp#27;[90m# com.example.steps.LoginSteps.iClickLoginIcon()&amp#27;[0m
  &amp#27;[32mAnd &amp#27;[0m&amp#27;[32mI click register menu&amp#27;[0m                     &amp#27;[90m# com.example.steps.RegisterSteps.iClickRegisterMenu()&amp#27;[0m
  &amp#27;[32mWhen &amp#27;[0m&amp#27;[32mI input fullname &amp#27;[0m&amp#27;[32m&amp#27;[1m"Vika Jasri"&amp#27;[0m            &amp#27;[90m# com.example.steps.RegisterSteps.iInputFullname(java.lang.String)&amp#27;[0m
  &amp#27;[32mAnd &amp#27;[0m&amp#27;[32mI input email &amp#27;[0m&amp#27;[32m&amp#27;[1m"jasrivika@gmail.com"&amp#27;[0m       &amp#27;[90m# com.example.steps.RegisterSteps.iInputEmail(java.lang.String)&amp#27;[0m
  &amp#27;[32mAnd &amp#27;[0m&amp#27;[32mI input password &amp#27;[0m&amp#27;[32m&amp#27;[1m"Doremi@123"&amp#27;[0m             &amp#27;[90m# com.example.steps.RegisterSteps.iInputPassword(java.lang.String)&amp#27;[0m
  &amp#27;[32mAnd &amp#27;[0m&amp#27;[32mI click register button&amp#27;[0m                   &amp#27;[90m# com.example.steps.RegisterSteps.iClickRegisterButton()&amp#27;[0m
  &amp#27;[32mThen &amp#27;[0m&amp#27;[32mI validate the &amp#27;[0m&amp#27;[32m&amp#27;[1m"Gagal :("&amp#27;[0m&amp#27;[32m after register&amp#27;[0m &amp#27;[90m# com.example.steps.RegisterSteps.iValidateTheAfterRegister(java.lang.String)&amp#27;[0m
]]></system-out>
    <system-err><![CDATA[[main] INFO io.cucumber.core.plugin.SerenityReporter - Running feature from file:///E:/Learn/ProjectTestMobile/sample-mobile-automation/src/test/resources/features/math/register.feature
[main] WARN io.cucumber.core.plugin.SerenityReporter - Feature from file:///E:/Learn/ProjectTestMobile/sample-mobile-automation/src/test/resources/features/math/register.feature is not under the 'features' directory. Requirements report will not be correctly generated!
May 16, 2022 10:56:07 PM io.appium.java_client.remote.AppiumCommandExecutor$1 lambda$0
INFO: Detected dialect: W3C
[main] INFO  - 
        __    _____ _____ ____ _____   ____   _    ____  ____  _____ ____  
  _     \ \  |_   _| ____/ ___|_   _| |  _ \ / \  / ___|/ ___|| ____|  _ \ 
 (_)_____| |   | | |  _| \___ \ | |   | |_) / _ \ \___ \\___ \|  _| | | | |
  _|_____| |   | | | |___ ___) || |   |  __/ ___ \ ___) |___) | |___| |_| |
 (_)     | |   |_| |_____|____/ |_|   |_| /_/   \_\____/|____/|_____|____/ 
        /_/                                                                

Register scenario
----------------------------------------------------------------------------
]]></system-err>
  </testcase>
  <testcase name="Register scenario #3" classname="Register" time="38.946">
    <system-out><![CDATA[
Scenario Outline: Register scenario                           &amp#27;[90m# src/test/resources/features/math/register.feature:19&amp#27;[0m
  &amp#27;[32mGiven &amp#27;[0m&amp#27;[32mI am on the homepage&amp#27;[0m                                  &amp#27;[90m# com.example.steps.LoginSteps.iAmOnTheHomePage()&amp#27;[0m
  &amp#27;[32mAnd &amp#27;[0m&amp#27;[32mI click login icon&amp#27;[0m                                      &amp#27;[90m# com.example.steps.LoginSteps.iClickLoginIcon()&amp#27;[0m
  &amp#27;[32mAnd &amp#27;[0m&amp#27;[32mI click register menu&amp#27;[0m                                   &amp#27;[90m# com.example.steps.RegisterSteps.iClickRegisterMenu()&amp#27;[0m
  &amp#27;[32mWhen &amp#27;[0m&amp#27;[32mI input fullname &amp#27;[0m&amp#27;[32m&amp#27;[1m""&amp#27;[0m                                    &amp#27;[90m# com.example.steps.RegisterSteps.iInputFullname(java.lang.String)&amp#27;[0m
  &amp#27;[32mAnd &amp#27;[0m&amp#27;[32mI input email &amp#27;[0m&amp#27;[32m&amp#27;[1m"new"&amp#27;[0m                                     &amp#27;[90m# com.example.steps.RegisterSteps.iInputEmail(java.lang.String)&amp#27;[0m
  &amp#27;[32mAnd &amp#27;[0m&amp#27;[32mI input password &amp#27;[0m&amp#27;[32m&amp#27;[1m"Doremi@123"&amp#27;[0m                           &amp#27;[90m# com.example.steps.RegisterSteps.iInputPassword(java.lang.String)&amp#27;[0m
  &amp#27;[32mAnd &amp#27;[0m&amp#27;[32mI click register button&amp#27;[0m                                 &amp#27;[90m# com.example.steps.RegisterSteps.iClickRegisterButton()&amp#27;[0m
  &amp#27;[32mThen &amp#27;[0m&amp#27;[32mI validate the &amp#27;[0m&amp#27;[32m&amp#27;[1m"fullname can not empty"&amp#27;[0m&amp#27;[32m after register&amp#27;[0m &amp#27;[90m# com.example.steps.RegisterSteps.iValidateTheAfterRegister(java.lang.String)&amp#27;[0m
]]></system-out>
    <system-err><![CDATA[[main] INFO io.cucumber.core.plugin.SerenityReporter - Running feature from file:///E:/Learn/ProjectTestMobile/sample-mobile-automation/src/test/resources/features/math/register.feature
[main] WARN io.cucumber.core.plugin.SerenityReporter - Feature from file:///E:/Learn/ProjectTestMobile/sample-mobile-automation/src/test/resources/features/math/register.feature is not under the 'features' directory. Requirements report will not be correctly generated!
May 16, 2022 10:56:54 PM io.appium.java_client.remote.AppiumCommandExecutor$1 lambda$0
INFO: Detected dialect: W3C
]]></system-err>
  </testcase>
  <testcase name="Register scenario #4" classname="Register" time="39.29">
    <system-out><![CDATA[
Scenario Outline: Register scenario                        &amp#27;[90m# src/test/resources/features/math/register.feature:20&amp#27;[0m
  &amp#27;[32mGiven &amp#27;[0m&amp#27;[32mI am on the homepage&amp#27;[0m                               &amp#27;[90m# com.example.steps.LoginSteps.iAmOnTheHomePage()&amp#27;[0m
  &amp#27;[32mAnd &amp#27;[0m&amp#27;[32mI click login icon&amp#27;[0m                                   &amp#27;[90m# com.example.steps.LoginSteps.iClickLoginIcon()&amp#27;[0m
  &amp#27;[32mAnd &amp#27;[0m&amp#27;[32mI click register menu&amp#27;[0m                                &amp#27;[90m# com.example.steps.RegisterSteps.iClickRegisterMenu()&amp#27;[0m
  &amp#27;[32mWhen &amp#27;[0m&amp#27;[32mI input fullname &amp#27;[0m&amp#27;[32m&amp#27;[1m"Vika Jasri"&amp#27;[0m                       &amp#27;[90m# com.example.steps.RegisterSteps.iInputFullname(java.lang.String)&amp#27;[0m
  &amp#27;[32mAnd &amp#27;[0m&amp#27;[32mI input email &amp#27;[0m&amp#27;[32m&amp#27;[1m""&amp#27;[0m                                     &amp#27;[90m# com.example.steps.RegisterSteps.iInputEmail(java.lang.String)&amp#27;[0m
  &amp#27;[32mAnd &amp#27;[0m&amp#27;[32mI input password &amp#27;[0m&amp#27;[32m&amp#27;[1m"Doremi@123"&amp#27;[0m                        &amp#27;[90m# com.example.steps.RegisterSteps.iInputPassword(java.lang.String)&amp#27;[0m
  &amp#27;[32mAnd &amp#27;[0m&amp#27;[32mI click register button&amp#27;[0m                              &amp#27;[90m# com.example.steps.RegisterSteps.iClickRegisterButton()&amp#27;[0m
  &amp#27;[32mThen &amp#27;[0m&amp#27;[32mI validate the &amp#27;[0m&amp#27;[32m&amp#27;[1m"email can not empty"&amp#27;[0m&amp#27;[32m after register&amp#27;[0m &amp#27;[90m# com.example.steps.RegisterSteps.iValidateTheAfterRegister(java.lang.String)&amp#27;[0m
]]></system-out>
    <system-err><![CDATA[[main] INFO io.cucumber.core.plugin.SerenityReporter - Running feature from file:///E:/Learn/ProjectTestMobile/sample-mobile-automation/src/test/resources/features/math/register.feature
[main] WARN io.cucumber.core.plugin.SerenityReporter - Feature from file:///E:/Learn/ProjectTestMobile/sample-mobile-automation/src/test/resources/features/math/register.feature is not under the 'features' directory. Requirements report will not be correctly generated!
May 16, 2022 10:57:33 PM io.appium.java_client.remote.AppiumCommandExecutor$1 lambda$0
INFO: Detected dialect: W3C
]]></system-err>
  </testcase>
  <testcase name="Register scenario #5" classname="Register" time="38.337">
    <system-out><![CDATA[
Scenario Outline: Register scenario                           &amp#27;[90m# src/test/resources/features/math/register.feature:21&amp#27;[0m
  &amp#27;[32mGiven &amp#27;[0m&amp#27;[32mI am on the homepage&amp#27;[0m                                  &amp#27;[90m# com.example.steps.LoginSteps.iAmOnTheHomePage()&amp#27;[0m
  &amp#27;[32mAnd &amp#27;[0m&amp#27;[32mI click login icon&amp#27;[0m                                      &amp#27;[90m# com.example.steps.LoginSteps.iClickLoginIcon()&amp#27;[0m
  &amp#27;[32mAnd &amp#27;[0m&amp#27;[32mI click register menu&amp#27;[0m                                   &amp#27;[90m# com.example.steps.RegisterSteps.iClickRegisterMenu()&amp#27;[0m
  &amp#27;[32mWhen &amp#27;[0m&amp#27;[32mI input fullname &amp#27;[0m&amp#27;[32m&amp#27;[1m"Vika Jasri"&amp#27;[0m                          &amp#27;[90m# com.example.steps.RegisterSteps.iInputFullname(java.lang.String)&amp#27;[0m
  &amp#27;[32mAnd &amp#27;[0m&amp#27;[32mI input email &amp#27;[0m&amp#27;[32m&amp#27;[1m"new"&amp#27;[0m                                     &amp#27;[90m# com.example.steps.RegisterSteps.iInputEmail(java.lang.String)&amp#27;[0m
  &amp#27;[32mAnd &amp#27;[0m&amp#27;[32mI input password &amp#27;[0m&amp#27;[32m&amp#27;[1m""&amp#27;[0m                                     &amp#27;[90m# com.example.steps.RegisterSteps.iInputPassword(java.lang.String)&amp#27;[0m
  &amp#27;[32mAnd &amp#27;[0m&amp#27;[32mI click register button&amp#27;[0m                                 &amp#27;[90m# com.example.steps.RegisterSteps.iClickRegisterButton()&amp#27;[0m
  &amp#27;[32mThen &amp#27;[0m&amp#27;[32mI validate the &amp#27;[0m&amp#27;[32m&amp#27;[1m"password can not empty"&amp#27;[0m&amp#27;[32m after register&amp#27;[0m &amp#27;[90m# com.example.steps.RegisterSteps.iValidateTheAfterRegister(java.lang.String)&amp#27;[0m
]]></system-out>
    <system-err><![CDATA[[main] INFO io.cucumber.core.plugin.SerenityReporter - Running feature from file:///E:/Learn/ProjectTestMobile/sample-mobile-automation/src/test/resources/features/math/register.feature
[main] WARN io.cucumber.core.plugin.SerenityReporter - Feature from file:///E:/Learn/ProjectTestMobile/sample-mobile-automation/src/test/resources/features/math/register.feature is not under the 'features' directory. Requirements report will not be correctly generated!
May 16, 2022 10:58:12 PM io.appium.java_client.remote.AppiumCommandExecutor$1 lambda$0
INFO: Detected dialect: W3C
]]></system-err>
  </testcase>
  <testcase name="Register scenario #6" classname="Register" time="39.145">
    <system-out><![CDATA[
Scenario Outline: Register scenario           &amp#27;[90m# src/test/resources/features/math/register.feature:22&amp#27;[0m
  &amp#27;[32mGiven &amp#27;[0m&amp#27;[32mI am on the homepage&amp#27;[0m                  &amp#27;[90m# com.example.steps.LoginSteps.iAmOnTheHomePage()&amp#27;[0m
  &amp#27;[32mAnd &amp#27;[0m&amp#27;[32mI click login icon&amp#27;[0m                      &amp#27;[90m# com.example.steps.LoginSteps.iClickLoginIcon()&amp#27;[0m
  &amp#27;[32mAnd &amp#27;[0m&amp#27;[32mI click register menu&amp#27;[0m                   &amp#27;[90m# com.example.steps.RegisterSteps.iClickRegisterMenu()&amp#27;[0m
  &amp#27;[32mWhen &amp#27;[0m&amp#27;[32mI input fullname &amp#27;[0m&amp#27;[32m&amp#27;[1m""&amp#27;[0m                    &amp#27;[90m# com.example.steps.RegisterSteps.iInputFullname(java.lang.String)&amp#27;[0m
  &amp#27;[32mAnd &amp#27;[0m&amp#27;[32mI input email &amp#27;[0m&amp#27;[32m&amp#27;[1m""&amp#27;[0m                        &amp#27;[90m# com.example.steps.RegisterSteps.iInputEmail(java.lang.String)&amp#27;[0m
  &amp#27;[32mAnd &amp#27;[0m&amp#27;[32mI input password &amp#27;[0m&amp#27;[32m&amp#27;[1m""&amp#27;[0m                     &amp#27;[90m# com.example.steps.RegisterSteps.iInputPassword(java.lang.String)&amp#27;[0m
  &amp#27;[32mAnd &amp#27;[0m&amp#27;[32mI click register button&amp#27;[0m                 &amp#27;[90m# com.example.steps.RegisterSteps.iClickRegisterButton()&amp#27;[0m
  &amp#27;[32mThen &amp#27;[0m&amp#27;[32mI validate the &amp#27;[0m&amp#27;[32m&amp#27;[1m"reqAll"&amp#27;[0m&amp#27;[32m after register&amp#27;[0m &amp#27;[90m# com.example.steps.RegisterSteps.iValidateTheAfterRegister(java.lang.String)&amp#27;[0m
]]></system-out>
    <system-err><![CDATA[[main] INFO io.cucumber.core.plugin.SerenityReporter - Running feature from file:///E:/Learn/ProjectTestMobile/sample-mobile-automation/src/test/resources/features/math/register.feature
[main] WARN io.cucumber.core.plugin.SerenityReporter - Feature from file:///E:/Learn/ProjectTestMobile/sample-mobile-automation/src/test/resources/features/math/register.feature is not under the 'features' directory. Requirements report will not be correctly generated!
May 16, 2022 10:58:51 PM io.appium.java_client.remote.AppiumCommandExecutor$1 lambda$0
INFO: Detected dialect: W3C
]]></system-err>
  </testcase>
</testsuite>